------- 用户请求登录   用户名：admin
------- 用户请求登录   用户名：admin
[ 2 ]   2024-03-15 09:29:36   获取参数权限表列表
[ 2 ]   2024-03-15 09:30:18   获取参数表信息   表名：paraauth_3
------- 用户请求登录   用户名：admin
[ 2 ]   2024-03-15 13:56:51   删除参数权限表   表名：paraauth_3   版本号：30   修改记录：删除paraauth_3表
------- 用户请求登录   用户名：admin
[ 2 ]   2024-03-15 15:07:47   获取用户列表
[ 2 ]   2024-03-15 15:07:47   获取参数权限表列表
[ 2 ]   2024-03-15 15:07:47   获取参数表信息   表名：paraauth_1
[ 2 ]   2024-03-15 15:07:47   获取参数表信息   表名：paraauth_2
[ 2 ]   2024-03-15 15:08:26   添加或修改参数权限表   表名：paraauth_AP   版本号：31   修改记录：   数据：[{Id:0 ParaName:q MinValue:0 MaxValue:100 ChangeEnable:true} {Id:0 ParaName:w MinValue:10 MaxValue:20 ChangeEnable:false} {Id:0 ParaName:e MinValue:789 MaxValue:1163 ChangeEnable:false} {Id:0 ParaName:t MinValue:7 MaxValue:116 ChangeEnable:true}]
[ 2 ]   2024-03-15 15:08:28   获取用户列表
[ 2 ]   2024-03-15 15:08:28   获取参数权限表列表
[ 2 ]   2024-03-15 15:08:28   获取参数表信息   表名：paraauth_1
[ 2 ]   2024-03-15 15:08:28   获取参数表信息   表名：paraauth_2
[ 2 ]   2024-03-15 15:08:28   获取参数表信息   表名：paraauth_ap
[ 2 ]   2024-03-15 15:08:43   添加或修改参数权限表   表名：paraauth_AP   版本号：32   修改记录：   数据：[{Id:0 ParaName:AP01 MinValue:0 MaxValue:100 ChangeEnable:true} {Id:0 ParaName:AP02 MinValue:10 MaxValue:20 ChangeEnable:false} {Id:0 ParaName:AP03 MinValue:789 MaxValue:1163 ChangeEnable:false} {Id:0 ParaName:AP04 MinValue:7 MaxValue:116 ChangeEnable:true}]
[ 2 ]   2024-03-15 15:08:46   获取用户列表
[ 2 ]   2024-03-15 15:08:46   获取参数权限表列表
[ 2 ]   2024-03-15 15:08:46   获取参数表信息   表名：paraauth_1
[ 2 ]   2024-03-15 15:08:46   获取参数表信息   表名：paraauth_2
[ 2 ]   2024-03-15 15:08:46   获取参数表信息   表名：paraauth_ap
[ 2 ]   2024-03-15 15:09:06   添加或修改参数权限表   表名：paraauth_H   版本号：33   修改记录：   数据：[{Id:0 ParaName:H01 MinValue:255 MaxValue:888 ChangeEnable:true} {Id:0 ParaName:H02 MinValue:30 MaxValue:80 ChangeEnable:false} {Id:0 ParaName:H03 MinValue:12 MaxValue:65 ChangeEnable:false}]
[ 2 ]   2024-03-15 15:09:09   获取用户列表
[ 2 ]   2024-03-15 15:09:09   获取参数权限表列表
[ 2 ]   2024-03-15 15:09:09   获取参数表信息   表名：paraauth_1
[ 2 ]   2024-03-15 15:09:09   获取参数表信息   表名：paraauth_2
[ 2 ]   2024-03-15 15:09:09   获取参数表信息   表名：paraauth_ap
[ 2 ]   2024-03-15 15:09:09   获取参数表信息   表名：paraauth_h
[ 2 ]   2024-03-15 15:09:23   删除参数权限表   表名：paraauth_1   版本号：34   修改记录：
[ 2 ]   2024-03-15 15:09:27   获取用户列表
[ 2 ]   2024-03-15 15:09:27   获取参数权限表列表
[ 2 ]   2024-03-15 15:09:27   获取参数表信息   表名：paraauth_2
[ 2 ]   2024-03-15 15:09:28   获取参数表信息   表名：paraauth_ap
[ 2 ]   2024-03-15 15:09:28   获取参数表信息   表名：paraauth_h
------- 用户请求登录   用户名：GGG2
[ 2 ]   2024-03-15 15:12:26   增加或修改用户   用户名：GGG2   密码：123456   操作权限：DDD   参数权限：DDD   版本号：35   修改记录：
------- 用户请求登录   用户名：GGG2
[ 2 ]   2024-03-15 15:12:43   增加或修改用户   用户名：GGG2   密码：123456   操作权限：DDD   参数权限：DDD   版本号：35   修改记录：
------- 用户请求登录   用户名：GGG2
------- 用户请求登录   用户名：GGG2
------- 用户请求登录   用户名：GGG2
------- 用户请求登录   用户名：GGG2
------- 用户请求登录   用户名：GGG2
------- 用户请求登录   用户名：admin
------- 用户请求登录   用户名：GGG2
------- 用户请求登录   用户名：admin
[ 2 ]   2024-03-15 15:33:50   增加或修改用户   用户名：GGG2   密码：e10adc3949ba59abbe56e057f20f883e   操作权限：DDD   参数权限：DDD   版本号：40   修改记录：
[ 2 ]   2024-03-15 15:33:54   获取用户列表
[ 2 ]   2024-03-15 15:33:54   获取参数权限表列表
[ 2 ]   2024-03-15 15:33:54   获取参数表信息   表名：paraauth_2
[ 2 ]   2024-03-15 15:33:54   获取参数表信息   表名：paraauth_ap
[ 2 ]   2024-03-15 15:33:54   获取参数表信息   表名：paraauth_h
------- 用户请求登录   用户名：GGG2
------- 用户请求登录   用户名：GGG2
------- 用户请求登录   用户名：GGG2
------- 用户请求登录   用户名：admin
------- 用户请求登录   用户名：admin
[ 2 ]   2024-03-15 15:36:56   获取用户列表
[ 2 ]   2024-03-15 15:36:56   获取参数权限表列表
[ 2 ]   2024-03-15 15:36:56   获取参数表信息   表名：paraauth_2
[ 2 ]   2024-03-15 15:36:56   获取参数表信息   表名：paraauth_ap
[ 2 ]   2024-03-15 15:36:56   获取参数表信息   表名：paraauth_h
------- 用户请求登录   用户名：admin
[ 2 ]   2024-03-15 15:37:05   获取用户列表
[ 2 ]   2024-03-15 15:37:05   获取参数权限表列表
[ 2 ]   2024-03-15 15:37:05   获取参数表信息   表名：paraauth_2
[ 2 ]   2024-03-15 15:37:05   获取参数表信息   表名：paraauth_ap
[ 2 ]   2024-03-15 15:37:05   获取参数表信息   表名：paraauth_h
[ 2 ]   2024-03-15 15:37:07   增加或修改用户   用户名：GGG2   密码：123456   操作权限：DDD   参数权限：DDD   版本号：36   修改记录：
------- 用户请求登录   用户名：GGG2
------- 用户请求登录   用户名：admin
[ 2 ]   2024-03-15 15:45:26   增加或修改用户   用户名：GGG2   密码：e10adc3949ba59abbe56e057f20f883e   操作权限：DDD   参数权限：DDD   版本号：36   修改记录：
[ 2 ]   2024-03-15 15:45:28   获取用户列表
[ 2 ]   2024-03-15 15:45:28   获取参数权限表列表
[ 2 ]   2024-03-15 15:45:28   获取参数表信息   表名：paraauth_2
[ 2 ]   2024-03-15 15:45:28   获取参数表信息   表名：paraauth_ap
[ 2 ]   2024-03-15 15:45:28   获取参数表信息   表名：paraauth_h
[ 2 ]   2024-03-15 15:45:30   增加或修改用户   用户名：GGG2   密码：e10adc3949ba59abbe56e057f20f883e   操作权限：DDD   参数权限：DDD   版本号：37   修改记录：
------- 用户请求登录   用户名：GGG2
------- 用户请求登录   用户名：GGG2
[ 23 ]   2024-03-15 15:45:51   获取用户列表
[ 23 ]   2024-03-15 15:45:52   获取参数权限表列表
[ 23 ]   2024-03-15 15:45:53   获取参数表信息   表名：paraauth_2
[ 23 ]   2024-03-15 15:45:53   获取参数表信息   表名：paraauth_ap
[ 23 ]   2024-03-15 15:45:53   获取参数表信息   表名：paraauth_h
------- 用户请求登录   用户名：GGG2
[ 23 ]   2024-03-15 15:59:03   获取用户列表
[ 23 ]   2024-03-15 15:59:11   获取用户列表
------- 用户请求登录   用户名：GGG2
[ 23 ]   2024-03-15 16:08:07   获取用户列表
[ 23 ]   2024-03-15 16:08:14   增加或修改用户   用户名：GGG2   密码：e10adc3949ba59abbe56e057f20f883e   操作权限：DDD   参数权限：DDD   版本号：38   修改记录：
[ 23 ]   2024-03-15 16:08:16   删除用户   用户名：GGG2   版本号：38   修改记录：
[ 23 ]   2024-03-15 16:08:21   添加或修改参数权限表   表名：paraauth_   版本号：38   修改记录：   数据：[]
[ 23 ]   2024-03-15 16:08:25   删除参数权限表   表名：paraauth_h   版本号：38   修改记录：
------- 用户请求登录   用户名：admin
------- 用户请求登录   用户名：admin
------- 用户请求登录   用户名：admin
------- 用户请求登录   用户名：admin
------- 用户请求登录   用户名：admin
[ 2 ]   2024-03-15 16:15:35   获取用户列表
[ 2 ]   2024-03-15 16:15:35   获取参数权限表列表
[ 2 ]   2024-03-15 16:15:35   获取参数表信息   表名：paraauth_2
[ 2 ]   2024-03-15 16:15:35   获取参数表信息   表名：paraauth_ap
[ 2 ]   2024-03-15 16:15:35   获取参数表信息   表名：paraauth_h
