[ 0 ]   2024-03-28 09:20:26   用户请求登录   用户名：admin
[ 2 ]   2024-03-28 09:20:37   ECU项目增加或更新   项目名称：test   项目编号：1   软件编号：1   软件名称：test1
[ 2 ]   2024-03-28 09:20:48   ECU项目增加或更新   项目名称：test   项目编号：2   软件编号：1   软件名称：test1
[ 2 ]   2024-03-28 09:20:59   ECU项目增加或更新   项目名称：test   项目编号：2   软件编号：2   软件名称：test2
[ 0 ]   2024-03-28 14:05:54   用户请求登录   用户名：admin
[ 2 ]   2024-03-28 14:06:09   增加版本记录   变更发起人：admin   变更发起时间：2024-03-28 14:04:20   变更需求：test   软件分支号：1
[ 2 ]   2024-03-28 14:07:59   增加版本记录   变更发起人：admin   变更发起时间：2024-03-28 14:04:20   变更需求：test   软件分支号：1
[ 2 ]   2024-03-28 14:08:54   增加版本记录   变更发起人：admin   变更发起时间：2024-03-28 14:04:20   变更需求：test   软件分支号：1
[ 2 ]   2024-03-28 14:27:07   增加版本记录   变更发起人：admin   变更发起时间：2024-03-28 14:04:20   变更需求：test   软件分支号：1
[ 2 ]   2024-03-28 14:28:36   增加版本记录   变更发起人：admin   变更发起时间：2024-03-28 14:04:20   变更需求：test   软件分支号：1
[ 2 ]   2024-03-28 14:32:54   增加版本记录   变更发起人：admin   变更发起时间：2024-03-28 14:04:20   变更需求：test   软件分支号：1
[ 2 ]   2024-03-28 14:33:12   增加版本记录   变更发起人：admin   变更发起时间：2024-03-28 14:04:20   变更需求：test   软件分支号：1
[ 2 ]   2024-03-28 14:34:42   增加版本记录   变更发起人：admin   变更发起时间：2024-03-28 14:04:20   变更需求：test   软件分支号：1
[ 2 ]   2024-03-28 14:35:54   增加版本记录   变更发起人：admin   变更发起时间：2024-03-28 14:04:20   变更需求：test   软件分支号：1
[ 2 ]   2024-03-28 14:39:06   增加版本记录   变更发起人：admin   变更发起时间：2024-03-28 14:04:20   变更需求：test   软件分支号：1
[ 2 ]   2024-03-28 14:39:51   增加版本记录   变更发起人：admin   变更发起时间：2024-03-28 14:04:20   变更需求：test   软件分支号：2
[ 2 ]   2024-03-28 14:41:14   改变版本记录   软件分支号：2  软件版本号：1
[ 2 ]   2024-03-28 14:43:54   增加版本记录   变更发起人：admin   变更发起时间：2024-03-28 14:04:20   变更需求：test   软件分支号：0
[ 2 ]   2024-03-28 14:44:02   增加版本记录   变更发起人：admin   变更发起时间：2024-03-28 14:04:20   变更需求：test   软件分支号：2
[ 2 ]   2024-03-28 15:03:28   改变版本记录   软件分支号：2  软件版本号：1
[ 2 ]   2024-03-28 15:03:44   改变版本记录   软件分支号：3  软件版本号：1
[ 2 ]   2024-03-28 15:04:53   增加版本记录   变更发起人：admin   变更发起时间：2024-03-28 14:04:20   变更需求：test   软件分支号：2
[ 2 ]   2024-03-28 15:06:15   增加版本记录   变更发起人：admin   变更发起时间：2024-03-28 14:04:20   变更需求：test   软件分支号：2
[ 2 ]   2024-03-28 15:06:16   增加版本记录   变更发起人：admin   变更发起时间：2024-03-28 14:04:20   变更需求：test   软件分支号：2
[ 2 ]   2024-03-28 15:50:58   增加版本记录   变更发起人：admin   变更发起时间：2024-03-28 14:04:20   变更需求：test   软件分支号：2
[ 2 ]   2024-03-28 15:51:19   增加版本记录   变更发起人：admin   变更发起时间：2024-03-28 14:04:20   变更需求：test   软件分支号：2
[ 2 ]   2024-03-28 15:51:30   增加版本记录   变更发起人：admin   变更发起时间：2024-03-28 14:04:20   变更需求：test   软件分支号：1
[ 2 ]   2024-03-28 15:51:35   增加版本记录   变更发起人：admin   变更发起时间：2024-03-28 14:04:20   变更需求：test   软件分支号：1
[ 2 ]   2024-03-28 15:51:37   增加版本记录   变更发起人：admin   变更发起时间：2024-03-28 14:04:20   变更需求：test   软件分支号：1
[ 2 ]   2024-03-28 15:51:43   增加版本记录   变更发起人：admin   变更发起时间：2024-03-28 14:04:20   变更需求：test   软件分支号：1
[ 2 ]   2024-03-28 15:51:46   增加版本记录   变更发起人：admin   变更发起时间：2024-03-28 14:04:20   变更需求：test   软件分支号：1
[ 2 ]   2024-03-28 15:51:47   增加版本记录   变更发起人：admin   变更发起时间：2024-03-28 14:04:20   变更需求：test   软件分支号：1
[ 2 ]   2024-03-28 15:51:56   增加版本记录   变更发起人：admin   变更发起时间：2024-03-28 14:04:20   变更需求：test   软件分支号：1
[ 2 ]   2024-03-28 15:52:06   增加版本记录   变更发起人：admin   变更发起时间：2024-03-28 14:04:20   变更需求：test   软件分支号：2
[ 2 ]   2024-03-28 15:52:42   改变版本记录   软件分支号：1  软件版本号：1
[ 2 ]   2024-03-28 16:20:01   改变版本记录   软件分支号：2  软件版本号：0
[ 2 ]   2024-03-28 16:29:45   增加版本记录   变更发起人：admin   变更发起时间：2024-03-28 14:04:20   变更需求：test   软件分支号：1
[ 2 ]   2024-03-28 17:02:47   增加版本记录   变更发起人：admin   变更发起时间：2024-03-28 14:04:20   变更需求：test   软件分支号：1
[ 2 ]   2024-03-28 17:02:54   增加版本记录   变更发起人：admin   变更发起时间：2024-03-28 14:04:20   变更需求：test   软件分支号：1
[ 2 ]   2024-03-28 17:03:38   增加版本记录   变更发起人：admin   变更发起时间：2024-03-28 14:04:20   变更需求：test   软件分支号：1
[ 2 ]   2024-03-28 17:03:42   增加版本记录   变更发起人：admin   变更发起时间：2024-03-28 14:04:20   变更需求：test   软件分支号：1
[ 2 ]   2024-03-28 17:04:00   增加版本记录   变更发起人：admin   变更发起时间：2024-03-28 14:04:20   变更需求：test   软件分支号：1
[ 2 ]   2024-03-28 17:04:02   增加版本记录   变更发起人：admin   变更发起时间：2024-03-28 14:04:20   变更需求：test   软件分支号：1
[ 2 ]   2024-03-28 17:04:08   增加版本记录   变更发起人：admin   变更发起时间：2024-03-28 14:04:20   变更需求：test   软件分支号：1
[ 0 ]   2024-03-28 17:06:17   用户请求登录   用户名：admin
[ 2 ]   2024-03-28 17:07:26   VerRecordRelease   软件分支号：1  软件版本号：0  软件等级：1
[ 2 ]   2024-03-28 17:08:15   VerRecordRelease   软件分支号：  软件版本号：  软件等级：
[ 2 ]   2024-03-28 17:08:15   VerRecordRelease   软件分支号：  软件版本号：  软件等级：
