[ 0 ]   2024-03-25 09:43:38   用户请求登录   用户名：admin
[ 2 ]   2024-03-25 10:10:12   尝试获取管理员版本日志
[ 0 ]   2024-03-25 10:15:39   用户请求登录   用户名：admin
[ 2 ]   2024-03-25 10:16:21   尝试获取管理员版本日志
[ 2 ]   2024-03-25 10:16:31   尝试获取管理员版本日志
[ 0 ]   2024-03-25 10:16:41   用户请求登录   用户名：admin
[ 0 ]   2024-03-25 10:16:41   用户请求登录   用户名：admin
[ 0 ]   2024-03-25 10:16:42   用户请求登录   用户名：admin
[ 2 ]   2024-03-25 10:16:43   尝试获取管理员版本日志
[ 2 ]   2024-03-25 10:18:27   尝试获取管理员版本日志
[ 0 ]   2024-03-25 10:18:48   用户请求登录   用户名：admin
[ 2 ]   2024-03-25 10:18:50   尝试获取管理员版本日志
[ 2 ]   2024-03-25 11:41:23   用户名：test   主机名：windows   时间：2024-3-25 11:40:22   更改日志：1111111
[ 2 ]   2024-03-25 11:42:02   尝试获取客户端版本日志
[ 0 ]   2024-03-25 15:16:12   用户请求登录   用户名：admin
[ 2 ]   2024-03-25 15:19:01   增加或修改app权限   用户名：qqq   H2阀门：1   H2SP：1   AirCmp：1   AirThrot：1   CoolFan：1   CoolET：1   CoolHT：1   版本号：38   变更日志：qqqqqqqq
[ 2 ]   2024-03-25 15:19:11   增加或修改app权限   用户名：qqq   H2阀门：1   H2SP：1   AirCmp：1   AirThrot：2   CoolFan：1   CoolET：2   CoolHT：1   版本号：38   变更日志：qqqqqqqq
[ 2 ]   2024-03-25 15:19:17   增加或修改app权限   用户名：qqq   H2阀门：1   H2SP：1   AirCmp：1   AirThrot：2   CoolFan：1   CoolET：2   CoolHT：1   版本号：39   变更日志：qqqqqqqq
[ 2 ]   2024-03-25 15:21:25   增加或修改app权限   用户名：qqq   H2阀门：1   H2SP：1   AirCmp：1   AirThrot：2   CoolFan：1   CoolET：2   CoolHT：1   版本号：39   变更日志：qqqqqqqq
[ 2 ]   2024-03-25 15:21:48   增加或修改app权限   用户名：qqq   H2阀门：1   H2SP：1   AirCmp：1   AirThrot：2   CoolFan：1   CoolET：2   CoolHT：1   版本号：39   变更日志：qqqqqqqq
[ 2 ]   2024-03-25 15:22:26   尝试获取所有app权限信息
[ 2 ]   2024-03-25 15:45:52   尝试获取当前用户的app权限信息
[ 0 ]   2024-03-25 16:12:25   用户请求登录   用户名：admin
[ 0 ]   2024-03-25 16:12:27   用户请求登录   用户名：admin
[ 2 ]   2024-03-25 16:12:30   尝试获取管理员版本日志
[ 2 ]   2024-03-25 16:15:28   用户名：admin   主机名：windows   时间：2024-3-25 11:40:22   更改日志：1111111
[ 2 ]   2024-03-25 16:15:35   用户名：admin   主机名：windows   时间：2024-3-25 11:40:22   更改日志：1111111
[ 0 ]   2024-03-25 16:18:01   用户请求登录   用户名：admin
[ 0 ]   2024-03-25 16:18:26   用户请求登录   用户名：admin
[ 2 ]   2024-03-25 16:19:11   增加或修改app权限   用户名：qqq   H2阀门：1   H2SP：1   AirCmp：4   AirThrot：2   CoolFan：4   CoolET：2   CoolHT：4   版本号：40   变更日志：qqqqqqqq
[ 0 ]   2024-03-25 16:21:00   用户请求登录   用户名：
[ 2 ]   2024-03-25 16:21:01   尝试获取当前用户的app权限信息
[ 0 ]   2024-03-25 16:21:17   用户请求登录   用户名：admin
[ 2 ]   2024-03-25 16:21:18   获取用户列表
[ 2 ]   2024-03-25 16:21:18   获取参数权限表列表
[ 2 ]   2024-03-25 16:21:18   获取参数表信息   表名：paraauth_2
[ 2 ]   2024-03-25 16:21:18   获取参数表信息   表名：paraauth_ap
[ 2 ]   2024-03-25 16:21:18   获取参数表信息   表名：paraauth_h
[ 0 ]   2024-03-25 16:21:33   用户请求登录   用户名：GGG2
[ 23 ]   2024-03-25 16:21:44   用户名：GGG2   主机名：DESKTOP-TV2R5N7   时间：2024-03-25 16:21:44   更改日志：test log 1
[ 23 ]   2024-03-25 16:21:49   用户名：GGG2   主机名：DESKTOP-TV2R5N7   时间：2024-03-25 16:21:49   更改日志：test log 2
[ 23 ]   2024-03-25 16:21:52   用户名：GGG2   主机名：DESKTOP-TV2R5N7   时间：2024-03-25 16:21:52   更改日志：test log 3
[ 23 ]   2024-03-25 16:21:55   用户名：GGG2   主机名：DESKTOP-TV2R5N7   时间：2024-03-25 16:21:55   更改日志：test log 4
[ 23 ]   2024-03-25 16:22:02   用户名：GGG2   主机名：DESKTOP-TV2R5N7   时间：2024-03-25 16:22:02   更改日志：test log 5
[ 2 ]   2024-03-25 16:23:44   尝试获取所有app权限信息
[ 0 ]   2024-03-25 16:25:14   用户请求登录   用户名：admin
[ 2 ]   2024-03-25 16:26:02   尝试获取客户端版本日志
[ 0 ]   2024-03-25 16:27:48   用户请求登录   用户名：admin
[ 2 ]   2024-03-25 16:27:48   尝试获取客户端版本日志
[ 2 ]   2024-03-25 16:32:13   尝试获取客户端版本日志
[ 2 ]   2024-03-25 16:32:52   尝试获取客户端版本日志
[ 2 ]   2024-03-25 16:34:32   用户名：admin   主机名：windows   时间：2024-03-25 11:40:22   更改日志：1111111
[ 2 ]   2024-03-25 16:35:20   尝试获取客户端版本日志
[ 2 ]   2024-03-25 16:35:30   尝试获取客户端版本日志
[ 2 ]   2024-03-25 16:36:39   尝试获取当前用户的app权限信息
[ 2 ]   2024-03-25 16:47:28   尝试获取所有app权限信息
[ 2 ]   2024-03-25 16:47:40   尝试获取当前用户的app权限信息
[ 2 ]   2024-03-25 16:47:54   尝试获取管理员版本日志
