------- 用户请求登录   用户名：admin
[ 2 ]   2024-03-18 13:16:44   发送命令   发送命令；test   管理端机器名：mechineName   客户：root   客户端机器名：cmName
[ 2 ]   2024-03-18 13:18:31   发送命令   发送命令；test   管理端机器名：mechineName   客户：root   客户端机器名：cmName
[ 2 ]   2024-03-18 13:19:37   发送命令   发送命令；test   管理端机器名：mechineName   客户：root   客户端机器名：cmName
[ 2 ]   2024-03-18 13:21:16   发送命令   发送命令；test   管理端机器名：mechineName   客户：root   客户端机器名：cmName
[ 2 ]   2024-03-18 13:22:47   发送命令   发送命令；test   管理端机器名：mechineName   客户：root   客户端机器名：cmName
[ 2 ]   2024-03-18 14:06:12   发送命令   发送命令；test   管理端机器名：mechineName   客户：root   客户端机器名：cmName
------- 用户请求登录   用户名：admin
[ 2 ]   2024-03-18 15:11:23   发送命令   发送命令；test   管理端机器名：mechineName   客户：root   客户端机器名：cmName
------- 用户请求登录   用户名：root
[ 4 ]   2024-03-18 15:13:26   keepAlive   labview版本号：1   ECU版本号；1   系统状态：normal   启动次数：1   第一次错误代码：56789
[ 4 ]   2024-03-18 16:02:00   keepAlive   labview版本号：1   ECU版本号；1   系统状态：normal   启动次数：1   第一次错误代码：56789
[ 2 ]   2024-03-18 16:03:46   发送命令   发送命令；st   管理端机器名：chineName   客户：root   客户端机器名：ame
[ 4 ]   2024-03-18 16:04:01   keepAlive   labview版本号：1   ECU版本号；1   系统状态：normal   启动次数：1   第一次错误代码：56789
[ 4 ]   2024-03-18 16:04:09   keepAlive   labview版本号：1   ECU版本号；1   系统状态：normal   启动次数：1   第一次错误代码：56789
[ 4 ]   2024-03-18 16:06:22   获取用户列表
------- 用户请求登录   用户名：admin
[ 2 ]   2024-03-18 16:06:43   获取用户列表
------- 用户请求登录   用户名：admin
[ 2 ]   2024-03-18 16:41:12   获取用户列表
[ 2 ]   2024-03-18 16:43:22   获取用户列表
[ 2 ]   2024-03-18 16:45:01   获取用户列表
[ 2 ]   2024-03-18 16:45:12   获取用户列表
------- 用户请求登录   用户名：admin
[ 2 ]   2024-03-18 16:45:36   获取用户列表
------- 用户请求登录   用户名：root
[ 2 ]   2024-03-18 16:45:55   获取用户列表
[ 2 ]   2024-03-18 16:46:01   获取用户列表
[ 2 ]   2024-03-18 16:46:11   获取用户列表
[ 2 ]   2024-03-18 16:46:28   获取用户列表
------- 用户请求登录   用户名：root
[ 2 ]   2024-03-18 16:46:41   获取用户列表
[ 2 ]   2024-03-18 16:46:48   获取用户列表
[ 2 ]   2024-03-18 16:46:54   获取用户列表
[ 2 ]   2024-03-18 16:46:56   获取用户列表
------- 用户请求登录   用户名：root
[ 2 ]   2024-03-18 16:47:17   获取用户列表
[ 4 ]   2024-03-18 16:47:38   keepAlive   labview版本号：1   ECU版本号；1   系统状态：normal   启动次数：1   第一次错误代码：56789
[ 2 ]   2024-03-18 16:47:51   获取用户列表
[ 2 ]   2024-03-18 16:47:59   获取用户列表
[ 4 ]   2024-03-18 16:48:04   keepAlive   labview版本号：1   ECU版本号；1   系统状态：normal   启动次数：1   第一次错误代码：56789
[ 2 ]   2024-03-18 16:48:08   获取用户列表
------- 用户请求登录   用户名：root
[ 2 ]   2024-03-18 16:53:54   获取用户列表
[ 4 ]   2024-03-18 16:54:10   keepAlive   labview版本号：1   ECU版本号；1   系统状态：normal   启动次数：1   第一次错误代码：56789
[ 2 ]   2024-03-18 16:54:13   获取用户列表
