[ 0 ]   2024-03-26 09:27:47   用户请求登录   用户名：admin
[ 2 ]   2024-03-26 09:27:57   获取用户列表
[ 2 ]   2024-03-26 09:46:53   keepAlive   labview版本号：1   ECU版本号；ECU1-1   系统状态：normal   启动次数：1   第一次错误代码：56789
[ 2 ]   2024-03-26 09:47:04   获取用户列表
[ 2 ]   2024-03-26 09:48:39   获取用户列表
[ 2 ]   2024-03-26 10:01:09   获取用户列表
[ 2 ]   2024-03-26 10:04:35   keepAlive   labview版本号：2   ECU版本号；ECU1-2   系统状态：normal   启动次数：1   第一次错误代码：5679
[ 2 ]   2024-03-26 10:04:49   获取用户列表
[ 2 ]   2024-03-26 10:04:53   获取用户列表
[ 2 ]   2024-03-26 10:04:57   获取用户列表
[ 2 ]   2024-03-26 10:04:58   获取用户列表
[ 2 ]   2024-03-26 10:06:52   获取用户列表
[ 2 ]   2024-03-26 10:07:44   keepAlive   labview版本号：2   ECU版本号；ECU1-2   系统状态：normal   启动次数：1   第一次错误代码：5679
[ 2 ]   2024-03-26 10:07:50   获取用户列表
[ 2 ]   2024-03-26 10:07:56   获取用户列表
[ 2 ]   2024-03-26 10:08:09   获取用户列表
[ 2 ]   2024-03-26 10:10:29   获取用户列表
[ 2 ]   2024-03-26 10:10:36   获取用户列表
[ 0 ]   2024-03-26 10:14:55   用户请求登录   用户名：admin
[ 0 ]   2024-03-26 10:15:06   用户请求登录   用户名：admin
[ 2 ]   2024-03-26 10:15:08   获取用户列表
[ 2 ]   2024-03-26 10:15:08   尝试获取所有app权限信息
[ 2 ]   2024-03-26 10:15:08   获取参数权限表列表
[ 2 ]   2024-03-26 10:15:08   获取参数表信息   表名：paraauth_2
[ 2 ]   2024-03-26 10:15:08   获取参数表信息   表名：paraauth_ap
[ 2 ]   2024-03-26 10:15:08   获取参数表信息   表名：paraauth_h
[ 2 ]   2024-03-26 10:15:12   获取用户列表
[ 2 ]   2024-03-26 10:15:12   尝试获取所有app权限信息
[ 2 ]   2024-03-26 10:15:12   获取参数权限表列表
[ 2 ]   2024-03-26 10:15:12   获取参数表信息   表名：paraauth_2
[ 2 ]   2024-03-26 10:15:12   获取参数表信息   表名：paraauth_ap
[ 2 ]   2024-03-26 10:15:12   获取参数表信息   表名：paraauth_h
[ 2 ]   2024-03-26 10:15:12   获取用户列表
[ 2 ]   2024-03-26 10:15:12   尝试获取所有app权限信息
[ 2 ]   2024-03-26 10:15:13   获取参数权限表列表
[ 2 ]   2024-03-26 10:15:13   获取参数表信息   表名：paraauth_2
[ 2 ]   2024-03-26 10:15:13   获取参数表信息   表名：paraauth_ap
[ 2 ]   2024-03-26 10:15:13   获取参数表信息   表名：paraauth_h
[ 0 ]   2024-03-26 10:17:04   用户请求登录   用户名：admin
[ 2 ]   2024-03-26 10:17:05   获取用户列表
[ 2 ]   2024-03-26 10:17:05   尝试获取所有app权限信息
[ 2 ]   2024-03-26 10:17:05   获取参数权限表列表
[ 2 ]   2024-03-26 10:17:05   获取参数表信息   表名：paraauth_2
[ 2 ]   2024-03-26 10:17:05   获取参数表信息   表名：paraauth_ap
[ 2 ]   2024-03-26 10:17:05   获取参数表信息   表名：paraauth_h
[ 2 ]   2024-03-26 10:18:27   获取用户列表
[ 2 ]   2024-03-26 10:18:27   尝试获取所有app权限信息
[ 2 ]   2024-03-26 10:18:27   获取参数权限表列表
[ 2 ]   2024-03-26 10:18:27   获取参数表信息   表名：paraauth_2
[ 2 ]   2024-03-26 10:18:27   获取参数表信息   表名：paraauth_ap
[ 2 ]   2024-03-26 10:18:27   获取参数表信息   表名：paraauth_h
[ 2 ]   2024-03-26 10:18:27   获取用户列表
[ 2 ]   2024-03-26 10:18:27   尝试获取所有app权限信息
[ 2 ]   2024-03-26 10:18:27   获取参数权限表列表
[ 2 ]   2024-03-26 10:18:28   获取参数表信息   表名：paraauth_2
[ 2 ]   2024-03-26 10:18:28   获取参数表信息   表名：paraauth_ap
[ 2 ]   2024-03-26 10:18:28   获取参数表信息   表名：paraauth_h
[ 2 ]   2024-03-26 10:18:28   获取用户列表
[ 2 ]   2024-03-26 10:18:28   尝试获取所有app权限信息
[ 2 ]   2024-03-26 10:18:28   获取参数权限表列表
[ 2 ]   2024-03-26 10:18:28   获取参数表信息   表名：paraauth_2
[ 2 ]   2024-03-26 10:18:28   获取参数表信息   表名：paraauth_ap
[ 2 ]   2024-03-26 10:18:28   获取参数表信息   表名：paraauth_h
[ 2 ]   2024-03-26 10:18:28   获取用户列表
[ 2 ]   2024-03-26 10:18:28   尝试获取所有app权限信息
[ 2 ]   2024-03-26 10:18:28   获取参数权限表列表
[ 2 ]   2024-03-26 10:18:28   获取参数表信息   表名：paraauth_2
[ 2 ]   2024-03-26 10:18:28   获取参数表信息   表名：paraauth_ap
[ 2 ]   2024-03-26 10:18:29   获取参数表信息   表名：paraauth_h
[ 2 ]   2024-03-26 10:18:29   获取用户列表
[ 2 ]   2024-03-26 10:18:29   尝试获取所有app权限信息
[ 2 ]   2024-03-26 10:18:29   获取参数权限表列表
[ 2 ]   2024-03-26 10:18:29   获取参数表信息   表名：paraauth_2
[ 2 ]   2024-03-26 10:18:29   获取参数表信息   表名：paraauth_ap
[ 2 ]   2024-03-26 10:18:29   获取参数表信息   表名：paraauth_h
[ 2 ]   2024-03-26 10:18:29   获取用户列表
[ 2 ]   2024-03-26 10:18:29   尝试获取所有app权限信息
[ 2 ]   2024-03-26 10:18:29   获取参数权限表列表
[ 2 ]   2024-03-26 10:18:29   获取参数表信息   表名：paraauth_2
[ 2 ]   2024-03-26 10:18:29   获取参数表信息   表名：paraauth_ap
[ 2 ]   2024-03-26 10:18:29   获取参数表信息   表名：paraauth_h
[ 2 ]   2024-03-26 10:18:29   获取用户列表
[ 2 ]   2024-03-26 10:18:29   尝试获取所有app权限信息
[ 2 ]   2024-03-26 10:18:29   获取参数权限表列表
[ 2 ]   2024-03-26 10:18:29   获取参数表信息   表名：paraauth_2
[ 2 ]   2024-03-26 10:18:29   获取参数表信息   表名：paraauth_ap
[ 2 ]   2024-03-26 10:18:29   获取参数表信息   表名：paraauth_h
[ 2 ]   2024-03-26 10:18:29   获取用户列表
[ 2 ]   2024-03-26 10:18:29   尝试获取所有app权限信息
[ 2 ]   2024-03-26 10:18:29   获取参数权限表列表
[ 2 ]   2024-03-26 10:18:29   获取参数表信息   表名：paraauth_2
[ 2 ]   2024-03-26 10:18:29   获取参数表信息   表名：paraauth_ap
[ 2 ]   2024-03-26 10:18:29   获取参数表信息   表名：paraauth_h
[ 2 ]   2024-03-26 10:18:30   获取用户列表
[ 2 ]   2024-03-26 10:18:30   尝试获取所有app权限信息
[ 2 ]   2024-03-26 10:18:30   获取参数权限表列表
[ 2 ]   2024-03-26 10:18:30   获取参数表信息   表名：paraauth_2
[ 2 ]   2024-03-26 10:18:30   获取参数表信息   表名：paraauth_ap
[ 2 ]   2024-03-26 10:18:30   获取参数表信息   表名：paraauth_h
[ 2 ]   2024-03-26 10:18:30   获取用户列表
[ 2 ]   2024-03-26 10:18:30   尝试获取所有app权限信息
[ 2 ]   2024-03-26 10:18:30   获取参数权限表列表
[ 2 ]   2024-03-26 10:18:30   获取参数表信息   表名：paraauth_2
[ 2 ]   2024-03-26 10:18:30   获取参数表信息   表名：paraauth_ap
[ 2 ]   2024-03-26 10:18:30   获取参数表信息   表名：paraauth_h
[ 2 ]   2024-03-26 10:18:30   获取用户列表
[ 2 ]   2024-03-26 10:18:30   尝试获取所有app权限信息
[ 2 ]   2024-03-26 10:18:30   获取参数权限表列表
[ 2 ]   2024-03-26 10:18:30   获取参数表信息   表名：paraauth_2
[ 2 ]   2024-03-26 10:18:30   获取参数表信息   表名：paraauth_ap
[ 2 ]   2024-03-26 10:18:30   获取参数表信息   表名：paraauth_h
[ 2 ]   2024-03-26 10:23:14   获取用户列表
[ 2 ]   2024-03-26 10:23:21   keepAlive   labview版本号：2   ECU版本号；ECU1-2   系统状态：normal   启动次数：1   第一次错误代码：5679
[ 2 ]   2024-03-26 10:23:24   获取用户列表
[ 2 ]   2024-03-26 10:23:36   获取用户列表
[ 2 ]   2024-03-26 10:23:43   获取用户列表
[ 2 ]   2024-03-26 10:24:57   获取用户列表
[ 2 ]   2024-03-26 10:25:02   keepAlive   labview版本号：2   ECU版本号；ECU1-2   系统状态：normal   启动次数：1   第一次错误代码：5679
[ 2 ]   2024-03-26 10:25:05   获取用户列表
[ 2 ]   2024-03-26 10:25:20   获取用户列表
[ 2 ]   2024-03-26 10:25:25   获取用户列表
[ 2 ]   2024-03-26 10:26:03   获取用户列表
[ 2 ]   2024-03-26 10:26:03   尝试获取所有app权限信息
[ 2 ]   2024-03-26 10:26:03   获取参数权限表列表
[ 2 ]   2024-03-26 10:26:03   获取参数表信息   表名：paraauth_2
[ 2 ]   2024-03-26 10:26:03   获取参数表信息   表名：paraauth_ap
[ 2 ]   2024-03-26 10:26:03   获取参数表信息   表名：paraauth_h
[ 2 ]   2024-03-26 10:26:05   获取用户列表
[ 2 ]   2024-03-26 10:26:05   尝试获取所有app权限信息
[ 2 ]   2024-03-26 10:26:05   获取参数权限表列表
[ 2 ]   2024-03-26 10:26:05   获取参数表信息   表名：paraauth_2
[ 2 ]   2024-03-26 10:26:05   获取参数表信息   表名：paraauth_ap
[ 2 ]   2024-03-26 10:26:05   获取参数表信息   表名：paraauth_h
[ 2 ]   2024-03-26 10:26:05   获取用户列表
[ 2 ]   2024-03-26 10:26:05   尝试获取所有app权限信息
[ 2 ]   2024-03-26 10:26:05   获取参数权限表列表
[ 2 ]   2024-03-26 10:26:05   获取参数表信息   表名：paraauth_2
[ 2 ]   2024-03-26 10:26:05   获取参数表信息   表名：paraauth_ap
[ 2 ]   2024-03-26 10:26:05   获取参数表信息   表名：paraauth_h
[ 0 ]   2024-03-26 10:26:06   用户请求登录   用户名：admin
[ 2 ]   2024-03-26 10:26:06   获取用户列表
[ 2 ]   2024-03-26 10:26:06   尝试获取所有app权限信息
[ 2 ]   2024-03-26 10:26:06   获取参数权限表列表
[ 2 ]   2024-03-26 10:26:06   获取参数表信息   表名：paraauth_2
[ 2 ]   2024-03-26 10:26:06   获取参数表信息   表名：paraauth_ap
[ 2 ]   2024-03-26 10:26:06   获取参数表信息   表名：paraauth_h
[ 2 ]   2024-03-26 10:26:07   获取用户列表
[ 2 ]   2024-03-26 10:26:07   尝试获取所有app权限信息
[ 2 ]   2024-03-26 10:26:07   获取参数权限表列表
[ 2 ]   2024-03-26 10:26:07   获取参数表信息   表名：paraauth_2
[ 2 ]   2024-03-26 10:26:07   获取参数表信息   表名：paraauth_ap
[ 2 ]   2024-03-26 10:26:07   获取参数表信息   表名：paraauth_h
[ 2 ]   2024-03-26 10:26:07   获取用户列表
[ 2 ]   2024-03-26 10:26:07   尝试获取所有app权限信息
[ 2 ]   2024-03-26 10:26:07   获取参数权限表列表
[ 2 ]   2024-03-26 10:26:07   获取参数表信息   表名：paraauth_2
[ 2 ]   2024-03-26 10:26:07   获取参数表信息   表名：paraauth_ap
[ 2 ]   2024-03-26 10:26:07   获取参数表信息   表名：paraauth_h
[ 2 ]   2024-03-26 10:26:07   获取用户列表
[ 2 ]   2024-03-26 10:26:07   尝试获取所有app权限信息
[ 2 ]   2024-03-26 10:26:07   获取参数权限表列表
[ 2 ]   2024-03-26 10:26:07   获取参数表信息   表名：paraauth_2
[ 2 ]   2024-03-26 10:26:07   获取参数表信息   表名：paraauth_ap
[ 2 ]   2024-03-26 10:26:07   获取参数表信息   表名：paraauth_h
[ 2 ]   2024-03-26 10:26:08   获取用户列表
[ 2 ]   2024-03-26 10:26:08   尝试获取所有app权限信息
[ 2 ]   2024-03-26 10:26:08   获取参数权限表列表
[ 2 ]   2024-03-26 10:26:08   获取参数表信息   表名：paraauth_2
[ 2 ]   2024-03-26 10:26:08   获取参数表信息   表名：paraauth_ap
[ 2 ]   2024-03-26 10:26:08   获取参数表信息   表名：paraauth_h
[ 2 ]   2024-03-26 10:26:08   获取用户列表
[ 2 ]   2024-03-26 10:26:08   尝试获取所有app权限信息
[ 2 ]   2024-03-26 10:26:08   获取参数权限表列表
[ 2 ]   2024-03-26 10:26:08   获取参数表信息   表名：paraauth_2
[ 2 ]   2024-03-26 10:26:08   获取参数表信息   表名：paraauth_ap
[ 2 ]   2024-03-26 10:26:08   获取参数表信息   表名：paraauth_h
[ 0 ]   2024-03-26 10:26:08   用户请求登录   用户名：admin
[ 2 ]   2024-03-26 10:26:09   获取用户列表
[ 2 ]   2024-03-26 10:26:09   尝试获取所有app权限信息
[ 2 ]   2024-03-26 10:26:09   获取参数权限表列表
[ 2 ]   2024-03-26 10:26:09   获取参数表信息   表名：paraauth_2
[ 2 ]   2024-03-26 10:26:09   获取参数表信息   表名：paraauth_ap
[ 2 ]   2024-03-26 10:26:09   获取参数表信息   表名：paraauth_h
[ 2 ]   2024-03-26 10:26:09   获取用户列表
[ 2 ]   2024-03-26 10:26:09   尝试获取所有app权限信息
[ 2 ]   2024-03-26 10:26:09   获取参数权限表列表
[ 2 ]   2024-03-26 10:26:09   获取参数表信息   表名：paraauth_2
[ 2 ]   2024-03-26 10:26:09   获取参数表信息   表名：paraauth_ap
[ 2 ]   2024-03-26 10:26:09   获取参数表信息   表名：paraauth_h
[ 2 ]   2024-03-26 10:26:09   获取用户列表
[ 2 ]   2024-03-26 10:26:09   尝试获取所有app权限信息
[ 2 ]   2024-03-26 10:26:09   获取参数权限表列表
[ 2 ]   2024-03-26 10:26:09   获取参数表信息   表名：paraauth_2
[ 2 ]   2024-03-26 10:26:09   获取参数表信息   表名：paraauth_ap
[ 2 ]   2024-03-26 10:26:09   获取参数表信息   表名：paraauth_h
[ 2 ]   2024-03-26 10:26:09   获取用户列表
[ 2 ]   2024-03-26 10:26:09   尝试获取所有app权限信息
[ 2 ]   2024-03-26 10:26:09   获取参数权限表列表
[ 2 ]   2024-03-26 10:26:09   获取参数表信息   表名：paraauth_2
[ 2 ]   2024-03-26 10:26:09   获取参数表信息   表名：paraauth_ap
[ 2 ]   2024-03-26 10:26:09   获取参数表信息   表名：paraauth_h
[ 2 ]   2024-03-26 10:26:09   获取用户列表
[ 2 ]   2024-03-26 10:26:09   尝试获取所有app权限信息
[ 2 ]   2024-03-26 10:26:09   获取参数权限表列表
[ 2 ]   2024-03-26 10:26:10   获取参数表信息   表名：paraauth_2
[ 2 ]   2024-03-26 10:26:10   获取参数表信息   表名：paraauth_ap
[ 2 ]   2024-03-26 10:26:10   获取参数表信息   表名：paraauth_h
[ 2 ]   2024-03-26 10:26:10   获取用户列表
[ 2 ]   2024-03-26 10:26:10   尝试获取所有app权限信息
[ 2 ]   2024-03-26 10:26:10   获取参数权限表列表
[ 2 ]   2024-03-26 10:26:10   获取参数表信息   表名：paraauth_2
[ 2 ]   2024-03-26 10:26:10   获取参数表信息   表名：paraauth_ap
[ 2 ]   2024-03-26 10:26:10   获取参数表信息   表名：paraauth_h
[ 0 ]   2024-03-26 10:26:10   用户请求登录   用户名：admin
[ 2 ]   2024-03-26 10:26:11   获取用户列表
[ 2 ]   2024-03-26 10:26:11   尝试获取所有app权限信息
[ 2 ]   2024-03-26 10:26:11   获取参数权限表列表
[ 2 ]   2024-03-26 10:26:11   获取参数表信息   表名：paraauth_2
[ 2 ]   2024-03-26 10:26:11   获取参数表信息   表名：paraauth_ap
[ 2 ]   2024-03-26 10:26:11   获取参数表信息   表名：paraauth_h
[ 2 ]   2024-03-26 10:26:11   获取用户列表
[ 2 ]   2024-03-26 10:26:11   尝试获取所有app权限信息
[ 2 ]   2024-03-26 10:26:11   获取参数权限表列表
[ 2 ]   2024-03-26 10:26:11   获取参数表信息   表名：paraauth_2
[ 2 ]   2024-03-26 10:26:11   获取参数表信息   表名：paraauth_ap
[ 2 ]   2024-03-26 10:26:11   获取参数表信息   表名：paraauth_h
[ 2 ]   2024-03-26 10:26:11   获取用户列表
[ 2 ]   2024-03-26 10:26:11   尝试获取所有app权限信息
[ 2 ]   2024-03-26 10:26:11   获取参数权限表列表
[ 2 ]   2024-03-26 10:26:11   获取参数表信息   表名：paraauth_2
[ 2 ]   2024-03-26 10:26:11   获取参数表信息   表名：paraauth_ap
[ 2 ]   2024-03-26 10:26:11   获取参数表信息   表名：paraauth_h
[ 0 ]   2024-03-26 10:26:11   用户请求登录   用户名：admin
[ 0 ]   2024-03-26 10:26:11   用户请求登录   用户名：admin
[ 2 ]   2024-03-26 10:26:12   获取用户列表
[ 2 ]   2024-03-26 10:26:12   尝试获取所有app权限信息
[ 2 ]   2024-03-26 10:26:12   获取参数权限表列表
[ 2 ]   2024-03-26 10:26:12   获取参数表信息   表名：paraauth_2
[ 2 ]   2024-03-26 10:26:12   获取参数表信息   表名：paraauth_ap
[ 2 ]   2024-03-26 10:26:12   获取参数表信息   表名：paraauth_h
[ 2 ]   2024-03-26 10:26:12   获取用户列表
[ 2 ]   2024-03-26 10:26:12   尝试获取所有app权限信息
[ 2 ]   2024-03-26 10:26:12   获取参数权限表列表
[ 2 ]   2024-03-26 10:26:12   获取参数表信息   表名：paraauth_2
[ 2 ]   2024-03-26 10:26:12   获取参数表信息   表名：paraauth_ap
[ 2 ]   2024-03-26 10:26:12   获取参数表信息   表名：paraauth_h
[ 2 ]   2024-03-26 10:26:12   获取用户列表
[ 2 ]   2024-03-26 10:26:12   尝试获取所有app权限信息
[ 2 ]   2024-03-26 10:26:12   获取参数权限表列表
[ 2 ]   2024-03-26 10:26:12   获取参数表信息   表名：paraauth_2
[ 2 ]   2024-03-26 10:26:12   获取参数表信息   表名：paraauth_ap
[ 2 ]   2024-03-26 10:26:12   获取参数表信息   表名：paraauth_h
[ 0 ]   2024-03-26 10:26:12   用户请求登录   用户名：admin
[ 0 ]   2024-03-26 10:26:13   用户请求登录   用户名：admin
[ 2 ]   2024-03-26 10:26:13   获取用户列表
[ 2 ]   2024-03-26 10:26:13   尝试获取所有app权限信息
[ 2 ]   2024-03-26 10:26:13   获取参数权限表列表
[ 2 ]   2024-03-26 10:26:13   获取参数表信息   表名：paraauth_2
[ 2 ]   2024-03-26 10:26:13   获取参数表信息   表名：paraauth_ap
[ 2 ]   2024-03-26 10:26:13   获取参数表信息   表名：paraauth_h
[ 2 ]   2024-03-26 10:26:13   获取用户列表
[ 2 ]   2024-03-26 10:26:13   尝试获取所有app权限信息
[ 2 ]   2024-03-26 10:26:13   获取参数权限表列表
[ 2 ]   2024-03-26 10:26:13   获取参数表信息   表名：paraauth_2
[ 2 ]   2024-03-26 10:26:13   获取参数表信息   表名：paraauth_ap
[ 2 ]   2024-03-26 10:26:13   获取参数表信息   表名：paraauth_h
[ 0 ]   2024-03-26 10:26:13   用户请求登录   用户名：admin
[ 2 ]   2024-03-26 10:26:14   获取用户列表
[ 2 ]   2024-03-26 10:26:14   尝试获取所有app权限信息
[ 2 ]   2024-03-26 10:26:14   获取参数权限表列表
[ 2 ]   2024-03-26 10:26:14   获取参数表信息   表名：paraauth_2
[ 2 ]   2024-03-26 10:26:14   获取参数表信息   表名：paraauth_ap
[ 2 ]   2024-03-26 10:26:14   获取参数表信息   表名：paraauth_h
[ 2 ]   2024-03-26 10:26:14   获取用户列表
[ 2 ]   2024-03-26 10:26:14   尝试获取所有app权限信息
[ 2 ]   2024-03-26 10:26:14   获取参数权限表列表
[ 2 ]   2024-03-26 10:26:14   获取参数表信息   表名：paraauth_2
[ 2 ]   2024-03-26 10:26:14   获取参数表信息   表名：paraauth_ap
[ 2 ]   2024-03-26 10:26:14   获取参数表信息   表名：paraauth_h
[ 0 ]   2024-03-26 10:26:14   用户请求登录   用户名：admin
[ 2 ]   2024-03-26 10:26:15   获取用户列表
[ 2 ]   2024-03-26 10:26:15   尝试获取所有app权限信息
[ 2 ]   2024-03-26 10:26:15   获取参数权限表列表
[ 2 ]   2024-03-26 10:26:15   获取参数表信息   表名：paraauth_2
[ 2 ]   2024-03-26 10:26:15   获取参数表信息   表名：paraauth_ap
[ 2 ]   2024-03-26 10:26:15   获取参数表信息   表名：paraauth_h
[ 2 ]   2024-03-26 10:26:15   获取用户列表
[ 2 ]   2024-03-26 10:26:15   尝试获取所有app权限信息
[ 2 ]   2024-03-26 10:26:15   获取参数权限表列表
[ 2 ]   2024-03-26 10:26:15   获取参数表信息   表名：paraauth_2
[ 2 ]   2024-03-26 10:26:15   获取参数表信息   表名：paraauth_ap
[ 2 ]   2024-03-26 10:26:15   获取参数表信息   表名：paraauth_h
[ 0 ]   2024-03-26 10:26:15   用户请求登录   用户名：admin
[ 2 ]   2024-03-26 10:26:15   获取用户列表
[ 2 ]   2024-03-26 10:26:15   尝试获取所有app权限信息
[ 2 ]   2024-03-26 10:26:15   获取参数权限表列表
[ 2 ]   2024-03-26 10:26:15   获取参数表信息   表名：paraauth_2
[ 2 ]   2024-03-26 10:26:15   获取参数表信息   表名：paraauth_ap
[ 2 ]   2024-03-26 10:26:15   获取参数表信息   表名：paraauth_h
[ 2 ]   2024-03-26 10:26:16   获取用户列表
[ 2 ]   2024-03-26 10:26:16   尝试获取所有app权限信息
[ 2 ]   2024-03-26 10:26:16   获取参数权限表列表
[ 2 ]   2024-03-26 10:26:16   获取参数表信息   表名：paraauth_2
[ 2 ]   2024-03-26 10:26:16   获取参数表信息   表名：paraauth_ap
[ 2 ]   2024-03-26 10:26:16   获取参数表信息   表名：paraauth_h
[ 0 ]   2024-03-26 10:26:16   用户请求登录   用户名：admin
[ 2 ]   2024-03-26 10:26:16   获取用户列表
[ 2 ]   2024-03-26 10:26:16   尝试获取所有app权限信息
[ 2 ]   2024-03-26 10:26:16   获取参数权限表列表
[ 2 ]   2024-03-26 10:26:16   获取参数表信息   表名：paraauth_2
[ 2 ]   2024-03-26 10:26:16   获取参数表信息   表名：paraauth_ap
[ 2 ]   2024-03-26 10:26:16   获取参数表信息   表名：paraauth_h
[ 0 ]   2024-03-26 10:26:16   用户请求登录   用户名：admin
[ 0 ]   2024-03-26 10:26:17   用户请求登录   用户名：admin
[ 2 ]   2024-03-26 10:26:17   获取用户列表
[ 2 ]   2024-03-26 10:26:17   尝试获取所有app权限信息
[ 2 ]   2024-03-26 10:26:17   获取参数权限表列表
[ 2 ]   2024-03-26 10:26:17   获取参数表信息   表名：paraauth_2
[ 2 ]   2024-03-26 10:26:17   获取参数表信息   表名：paraauth_ap
[ 2 ]   2024-03-26 10:26:17   获取参数表信息   表名：paraauth_h
[ 2 ]   2024-03-26 10:26:17   获取用户列表
[ 2 ]   2024-03-26 10:26:17   尝试获取所有app权限信息
[ 2 ]   2024-03-26 10:26:17   获取参数权限表列表
[ 2 ]   2024-03-26 10:26:17   获取参数表信息   表名：paraauth_2
[ 2 ]   2024-03-26 10:26:17   获取参数表信息   表名：paraauth_ap
[ 2 ]   2024-03-26 10:26:17   获取参数表信息   表名：paraauth_h
[ 2 ]   2024-03-26 10:31:02   获取用户列表
[ 2 ]   2024-03-26 10:31:02   尝试获取所有app权限信息
[ 2 ]   2024-03-26 10:31:02   获取参数权限表列表
[ 2 ]   2024-03-26 10:31:02   获取参数表信息   表名：paraauth_2
[ 2 ]   2024-03-26 10:31:02   获取参数表信息   表名：paraauth_ap
[ 2 ]   2024-03-26 10:31:02   获取参数表信息   表名：paraauth_h
[ 0 ]   2024-03-26 10:31:28   用户请求登录   用户名：admin
[ 2 ]   2024-03-26 10:31:28   获取用户列表
[ 2 ]   2024-03-26 10:31:28   尝试获取所有app权限信息
[ 2 ]   2024-03-26 10:31:28   获取参数权限表列表
[ 2 ]   2024-03-26 10:31:28   获取参数表信息   表名：paraauth_2
[ 2 ]   2024-03-26 10:31:28   获取参数表信息   表名：paraauth_ap
[ 2 ]   2024-03-26 10:31:28   获取参数表信息   表名：paraauth_h
[ 2 ]   2024-03-26 10:31:30   获取用户列表
[ 2 ]   2024-03-26 10:31:30   尝试获取所有app权限信息
[ 2 ]   2024-03-26 10:31:30   获取参数权限表列表
[ 2 ]   2024-03-26 10:31:30   获取参数表信息   表名：paraauth_2
[ 2 ]   2024-03-26 10:31:30   获取参数表信息   表名：paraauth_ap
[ 2 ]   2024-03-26 10:31:30   获取参数表信息   表名：paraauth_h
[ 0 ]   2024-03-26 10:31:35   用户请求登录   用户名：admin
[ 0 ]   2024-03-26 10:32:06   用户请求登录   用户名：GGG2
[ 2 ]   2024-03-26 10:32:08   获取用户列表
[ 2 ]   2024-03-26 10:32:08   尝试获取所有app权限信息
[ 2 ]   2024-03-26 10:32:08   获取参数权限表列表
[ 2 ]   2024-03-26 10:32:08   获取参数表信息   表名：paraauth_2
[ 2 ]   2024-03-26 10:32:08   获取参数表信息   表名：paraauth_ap
[ 2 ]   2024-03-26 10:32:08   获取参数表信息   表名：paraauth_h
[ 0 ]   2024-03-26 10:32:10   用户请求登录   用户名：admin
[ 2 ]   2024-03-26 10:32:11   获取用户列表
[ 2 ]   2024-03-26 10:32:11   尝试获取所有app权限信息
[ 2 ]   2024-03-26 10:32:11   获取参数权限表列表
[ 2 ]   2024-03-26 10:32:11   获取参数表信息   表名：paraauth_2
[ 2 ]   2024-03-26 10:32:11   获取参数表信息   表名：paraauth_ap
[ 2 ]   2024-03-26 10:32:11   获取参数表信息   表名：paraauth_h
[ 23 ]   2024-03-26 10:32:32   keepAlive   labview版本号：123   ECU版本号；   系统状态：SSS   启动次数：2   第一次错误代码：4
[ 23 ]   2024-03-26 10:32:32   指令id不存在
[ 2 ]   2024-03-26 10:32:34   获取用户列表
[ 2 ]   2024-03-26 10:32:34   尝试获取所有app权限信息
[ 2 ]   2024-03-26 10:32:34   获取参数权限表列表
[ 2 ]   2024-03-26 10:32:34   获取参数表信息   表名：paraauth_2
[ 2 ]   2024-03-26 10:32:34   获取参数表信息   表名：paraauth_ap
[ 2 ]   2024-03-26 10:32:34   获取参数表信息   表名：paraauth_h
[ 2 ]   2024-03-26 10:32:36   获取用户列表
[ 2 ]   2024-03-26 10:32:36   尝试获取所有app权限信息
[ 2 ]   2024-03-26 10:32:36   获取参数权限表列表
[ 2 ]   2024-03-26 10:32:36   获取参数表信息   表名：paraauth_2
[ 2 ]   2024-03-26 10:32:36   获取参数表信息   表名：paraauth_ap
[ 2 ]   2024-03-26 10:32:36   获取参数表信息   表名：paraauth_h
[ 2 ]   2024-03-26 10:32:41   获取用户列表
[ 2 ]   2024-03-26 10:32:41   尝试获取所有app权限信息
[ 2 ]   2024-03-26 10:32:41   获取参数权限表列表
[ 2 ]   2024-03-26 10:32:41   获取参数表信息   表名：paraauth_2
[ 2 ]   2024-03-26 10:32:41   获取参数表信息   表名：paraauth_ap
[ 2 ]   2024-03-26 10:32:41   获取参数表信息   表名：paraauth_h
[ 2 ]   2024-03-26 10:32:42   获取用户列表
[ 2 ]   2024-03-26 10:32:42   尝试获取所有app权限信息
[ 2 ]   2024-03-26 10:32:42   获取参数权限表列表
[ 2 ]   2024-03-26 10:32:42   获取参数表信息   表名：paraauth_2
[ 2 ]   2024-03-26 10:32:42   获取参数表信息   表名：paraauth_ap
[ 2 ]   2024-03-26 10:32:42   获取参数表信息   表名：paraauth_h
[ 23 ]   2024-03-26 10:32:43   keepAlive   labview版本号：123   ECU版本号；   系统状态：233   启动次数：2   第一次错误代码：4
[ 23 ]   2024-03-26 10:32:43   指令id不存在
[ 2 ]   2024-03-26 10:32:44   获取用户列表
[ 2 ]   2024-03-26 10:32:44   尝试获取所有app权限信息
[ 2 ]   2024-03-26 10:32:44   获取参数权限表列表
[ 2 ]   2024-03-26 10:32:44   获取参数表信息   表名：paraauth_2
[ 2 ]   2024-03-26 10:32:44   获取参数表信息   表名：paraauth_ap
[ 2 ]   2024-03-26 10:32:44   获取参数表信息   表名：paraauth_h
