2024/03/07 14:12:42  [info] 登录成功 kd
2024/03/07 14:13:35  [info] 登录成功 admin
2024/03/07 14:16:00  [info] 登录成功 root
2024/03/07 14:19:15  [info] 登录成功 kd
2024/03/07 14:19:42  [info] 登录成功 admin
2024/03/07 14:20:13  [info] 登录成功 root
2024/03/07 14:50:07  [info] 登录成功 kd
2024/03/07 14:50:18  [info] 登录成功 admin
2024/03/07 14:50:27  [info] 登录成功 root
2024/03/07 14:51:11  [info] 登录成功 kd
2024/03/07 14:51:59  [info] 登录成功 kd
2024/03/07 15:00:10  [info] 登录成功 kd
2024/03/07 15:06:13  [info] 登录成功 kd
2024/03/07 15:06:44  [info] 登录成功 admin
2024/03/07 15:08:10  [info] 登录成功 admin
2024/03/07 15:08:42  [info] 登录成功 kd
2024/03/07 15:57:59  [info] 登录成功 kd
2024/03/07 16:05:24  [info] 登录成功 admin
2024/03/07 16:07:38  [info] 登录成功 kd
2024/03/07 16:08:06  [info] 登录成功 kd
2024/03/07 16:10:02  [info] 登录成功 kd
2024/03/07 16:38:43  [info] 注册成功 test
2024/03/07 17:29:25  [info] 注册成功 用户名: cvew 密码: 123456 
2024/03/07 17:35:23  [info] 注册成功 用户名: test 密码: 123456 
2024/03/07 17:37:41  [info] 注册成功 用户名: test 密码: 123456 
2024/03/07 19:09:38  [info] 登录成功 admin
